Copyright 1986-2019 Xilinx, Inc. All Rights Reserved.
--------------------------------------------------------------------------------------------------------------------------------------------------------------------------------
| Tool Version : Vivado v.2019.2 (win64) Build 2708876 Wed Nov  6 21:40:23 MST 2019
| Date         : Sun Dec  7 12:48:54 2025
| Host         : pc-Warre running 64-bit major release  (build 9200)
| Command      : report_methodology -file space_invaders_methodology_drc_routed.rpt -pb space_invaders_methodology_drc_routed.pb -rpx space_invaders_methodology_drc_routed.rpx
| Design       : space_invaders
| Device       : xc7a35tcpg236-1
| Speed File   : -1
| Design State : Fully Routed
--------------------------------------------------------------------------------------------------------------------------------------------------------------------------------

Report Methodology

Table of Contents
-----------------
1. REPORT SUMMARY
2. REPORT DETAILS

1. REPORT SUMMARY
-----------------
            Netlist: netlist
          Floorplan: design_1
      Design limits: <entire design considered>
             Max violations: <unlimited>
             Violations found: 3
+----------+------------------+------------------------------------------------+------------+
| Rule     | Severity         | Description                                    | Violations |
+----------+------------------+------------------------------------------------+------------+
| TIMING-6 | Critical Warning | No common primary clock between related clocks | 2          |
| LUTAR-1  | Warning          | LUT drives async reset alert                   | 1          |
+----------+------------------+------------------------------------------------+------------+

2. REPORT DETAILS
-----------------
TIMING-6#1 Critical Warning
No common primary clock between related clocks  
The clocks clk_out1_clk_wiz_0 and clk_out1_clk_wiz_0_1 are related (timed together) but they have no common primary clock. The design could fail in hardware. To find a timing path between these clocks, run the following command: report_timing -from [get_clocks clk_out1_clk_wiz_0] -to [get_clocks clk_out1_clk_wiz_0_1]
Related violations: <none>

TIMING-6#2 Critical Warning
No common primary clock between related clocks  
The clocks clk_out1_clk_wiz_0_1 and clk_out1_clk_wiz_0 are related (timed together) but they have no common primary clock. The design could fail in hardware. To find a timing path between these clocks, run the following command: report_timing -from [get_clocks clk_out1_clk_wiz_0_1] -to [get_clocks clk_out1_clk_wiz_0]
Related violations: <none>

LUTAR-1#1 Warning
LUT drives async reset alert  
LUT cell enemy_inst/hcount[9]_i_2, with 2 or more inputs, drives asynchronous preset/clear pin(s) bullet_inst/active_reg/CLR, bullet_inst/bx_reg[0]/CLR, bullet_inst/bx_reg[1]/CLR, bullet_inst/bx_reg[2]/CLR, bullet_inst/bx_reg[3]/CLR, bullet_inst/bx_reg[4]/CLR, bullet_inst/bx_reg[5]/CLR, bullet_inst/bx_reg[6]/CLR, bullet_inst/bx_reg[7]/CLR, bullet_inst/bx_reg[8]/CLR, bullet_inst/bx_reg[9]/CLR, bullet_inst/by_reg[2]/CLR, bullet_inst/by_reg[3]/CLR, bullet_inst/by_reg[4]/CLR, bullet_inst/by_reg[5]/CLR (the first 15 of 333 listed). The LUT may glitch and trigger an unexpected reset, even if it is a properly timed path.
Related violations: <none>


