#-----------------------------------------------------------
# Vivado v2019.2 (64-bit)
# SW Build 2708876 on Wed Nov  6 21:40:23 MST 2019
# IP Build 2700528 on Thu Nov  7 00:09:20 MST 2019
# Start of session at: Sun Nov 30 17:38:05 2025
# Process ID: 37924
# Current directory: C:/Users/warre/Desktop/school/dsd/space_invaders_stukken
# Command line: vivado.exe -gui_launcher_event rodinguilauncherevent33264 C:\Users\warre\Desktop\school\dsd\space_invaders_stukken\space_invaders_stukken.xpr
# Log file: C:/Users/warre/Desktop/school/dsd/space_invaders_stukken/vivado.log
# Journal file: C:/Users/warre/Desktop/school/dsd/space_invaders_stukken\vivado.jou
#-----------------------------------------------------------
start_gui
open_project C:/Users/warre/Desktop/school/dsd/space_invaders_stukken/space_invaders_stukken.xpr
Scanning sources...
Finished scanning sources
INFO: [IP_Flow 19-234] Refreshing IP repositories
INFO: [IP_Flow 19-1704] No user IP repositories specified
INFO: [IP_Flow 19-2313] Loaded Vivado IP repository 'C:/Xilinx/Vivado/2019.2/data/ip'.
update_compile_order -fileset sources_1
reset_run impl_1 -prev_step 
launch_runs impl_1 -to_step write_bitstream -jobs 16
[Sun Nov 30 19:45:14 2025] Launched impl_1...
Run output will be captured here: C:/Users/warre/Desktop/school/dsd/space_invaders_stukken/space_invaders_stukken.runs/impl_1/runme.log
reset_run impl_1 -prev_step 
WARNING: [Vivado 12-1017] Problems encountered:
1. PID not specified

exit
INFO: [Common 17-206] Exiting Vivado at Sun Nov 30 19:45:35 2025...
