#-----------------------------------------------------------
# Vivado v2019.2 (64-bit)
# SW Build 2708876 on Wed Nov  6 21:40:23 MST 2019
# IP Build 2700528 on Thu Nov  7 00:09:20 MST 2019
# Start of session at: Sat Dec 13 13:05:38 2025
# Process ID: 2612
# Current directory: C:/Users/warre/Desktop/space_invaders_stukken
# Command line: vivado.exe -gui_launcher_event rodinguilauncherevent21112 C:\Users\warre\Desktop\space_invaders_stukken\space_invaders_stukken.xpr
# Log file: C:/Users/warre/Desktop/space_invaders_stukken/vivado.log
# Journal file: C:/Users/warre/Desktop/space_invaders_stukken\vivado.jou
#-----------------------------------------------------------
start_gui
open_project C:/Users/warre/Desktop/space_invaders_stukken/space_invaders_stukken.xpr
INFO: [Project 1-313] Project file moved from 'C:/Users/warre/Desktop/school/dsd/space_invaders_stukken' since last save.
WARNING: [Project 1-312] File not found as 'C:/Users/warre/Desktop/Basys3.xdc'; using path 'C:/Users/warre/Desktop/school/dsd/Basys3.xdc' instead.
Scanning sources...
Finished scanning sources
WARNING: [Project 1-312] File not found as 'C:/Users/warre/Desktop/Basys3.xdc'; using path 'C:/Users/warre/Desktop/school/dsd/Basys3.xdc' instead.
INFO: [IP_Flow 19-234] Refreshing IP repositories
INFO: [IP_Flow 19-1704] No user IP repositories specified
INFO: [IP_Flow 19-2313] Loaded Vivado IP repository 'C:/Xilinx/Vivado/2019.2/data/ip'.
WARNING: [IP_Flow 19-3664] IP 'clk_wiz_0' generated file not found 'c:/Users/warre/Desktop/space_invaders_stukken/space_invaders_stukken.srcs/sources_1/ip/clk_wiz_0/clk_wiz_0.dcp'. Please regenerate to continue.
WARNING: [IP_Flow 19-3664] IP 'clk_wiz_0' generated file not found 'c:/Users/warre/Desktop/space_invaders_stukken/space_invaders_stukken.srcs/sources_1/ip/clk_wiz_0/clk_wiz_0_stub.v'. Please regenerate to continue.
WARNING: [IP_Flow 19-3664] IP 'clk_wiz_0' generated file not found 'c:/Users/warre/Desktop/space_invaders_stukken/space_invaders_stukken.srcs/sources_1/ip/clk_wiz_0/clk_wiz_0_stub.vhdl'. Please regenerate to continue.
WARNING: [IP_Flow 19-3664] IP 'clk_wiz_0' generated file not found 'c:/Users/warre/Desktop/space_invaders_stukken/space_invaders_stukken.srcs/sources_1/ip/clk_wiz_0/clk_wiz_0_sim_netlist.v'. Please regenerate to continue.
WARNING: [IP_Flow 19-3664] IP 'clk_wiz_0' generated file not found 'c:/Users/warre/Desktop/space_invaders_stukken/space_invaders_stukken.srcs/sources_1/ip/clk_wiz_0/clk_wiz_0_sim_netlist.vhdl'. Please regenerate to continue.
reset_run clk_wiz_0_synth_1
WARNING: [Vivado 12-1017] Problems encountered:
1. Failed to delete one or more files in run directory C:/Users/warre/Desktop/space_invaders_stukken/space_invaders_stukken.runs/clk_wiz_0_synth_1

reset_run synth_1
launch_runs synth_1 -jobs 16
[Sat Dec 13 13:05:53 2025] Launched clk_wiz_0_synth_1...
Run output will be captured here: C:/Users/warre/Desktop/space_invaders_stukken/space_invaders_stukken.runs/clk_wiz_0_synth_1/runme.log
[Sat Dec 13 13:05:53 2025] Launched synth_1...
Run output will be captured here: C:/Users/warre/Desktop/space_invaders_stukken/space_invaders_stukken.runs/synth_1/runme.log
update_compile_order -fileset sources_1
exit
INFO: [Common 17-206] Exiting Vivado at Sat Dec 13 13:07:33 2025...
